Using pre-set license
Built from '2020.2/release' branch; Version is '2020.2.1f1 (270dd8c3da1c) revision 2559448'; Using compiler version '192528614'; Build Type 'Release'
OS: 'Windows 10  (10.0.0) 64bit' Language: 'en' Physical Memory: 11924 MB
BatchMode: 1, IsHumanControllingUs: 0, StartBugReporterOnCrash: 0, Is64bit: 1, IsPro: 0

 COMMAND LINE ARGUMENTS:
C:\Program Files\Unity\Hub\Editor\2020.2.1f1\Editor\Unity.exe
-adb2
-batchMode
-noUpm
-name
AssetImportWorker0
-projectPath
C:/Users/Owner/Desktop/Arboretum/Arboretum
-logFile
Logs/AssetImportWorker0.log
-srvPort
49961
Successfully changed project path to: C:/Users/Owner/Desktop/Arboretum/Arboretum
C:/Users/Owner/Desktop/Arboretum/Arboretum
Using Asset Import Pipeline V2.
Refreshing native plugins compatible for Editor in 164.03 ms, found 1 plugins.
Preloading 0 native plugins for Editor in 0.00 ms.
Initialize engine version: 2020.2.1f1 (270dd8c3da1c)
[Subsystems] Discovering subsystems at path C:/Program Files/Unity/Hub/Editor/2020.2.1f1/Editor/Data/Resources/UnitySubsystems
[Subsystems] Discovering subsystems at path C:/Users/Owner/Desktop/Arboretum/Arboretum/Assets
GfxDevice: creating device client; threaded=0
Direct3D:
    Version:  Direct3D 11.0 [level 11.1]
    Renderer: AMD Radeon(TM) RX Vega 10 Graphics (ID=0x15dd)
    Vendor:   
    VRAM:     5962 MB
    Driver:   23.20.815.6656
Initialize mono
Mono path[0] = 'C:/Program Files/Unity/Hub/Editor/2020.2.1f1/Editor/Data/Managed'
Mono path[1] = 'C:/Program Files/Unity/Hub/Editor/2020.2.1f1/Editor/Data/MonoBleedingEdge/lib/mono/unityjit'
Mono config path = 'C:/Program Files/Unity/Hub/Editor/2020.2.1f1/Editor/Data/MonoBleedingEdge/etc'
Using monoOptions --debugger-agent=transport=dt_socket,embedding=1,server=y,suspend=n,address=127.0.0.1:56332
Begin MonoManager ReloadAssembly
Registering precompiled unity dll's ...
Register platform support module: C:/Program Files/Unity/Hub/Editor/2020.2.1f1/Editor/Data/PlaybackEngines/WindowsStandaloneSupport/UnityEditor.WindowsStandalone.Extensions.dll
Registered in 0.003159 seconds.
Native extension for WindowsStandalone target not found
Refreshing native plugins compatible for Editor in 115.83 ms, found 1 plugins.
Preloading 0 native plugins for Editor in 0.00 ms.
Invoked RoslynAnalysisRunner static constructor.
RoslynAnalysisRunner will not be running.
RoslynAnalysisRunner has terminated.
Mono: successfully reloaded assembly
- Completed reload, in  2.387 seconds
Platform modules already initialized, skipping
Registering precompiled user dll's ...
Registered in 0.003440 seconds.
Begin MonoManager ReloadAssembly
Native extension for WindowsStandalone target not found
Refreshing native plugins compatible for Editor in 117.65 ms, found 1 plugins.
Preloading 0 native plugins for Editor in 0.00 ms.
Invoked RoslynAnalysisRunner static constructor.
RoslynAnalysisRunner will not be running.
RoslynAnalysisRunner has terminated.
Mono: successfully reloaded assembly
- Completed reload, in  2.082 seconds
Platform modules already initialized, skipping
========================================================================
Worker process is ready to serve import requests
Launched and connected shader compiler UnityShaderCompiler.exe after 0.10 seconds
Refreshing native plugins compatible for Editor in 1.12 ms, found 1 plugins.
Preloading 0 native plugins for Editor in 0.00 ms.
Unloading 2154 Unused Serialized files (Serialized files now loaded: 0)
System memory in use before: 100.6 MB.
System memory in use after: 100.7 MB.

Unloading 21 unused Assets to reduce memory usage. Loaded Objects now: 2603.
Total: 5.233200 ms (FindLiveObjects: 0.379300 ms CreateObjectMapping: 0.148700 ms MarkObjects: 4.556100 ms  DeleteObjects: 0.144500 ms)

========================================================================
Received Import Request.
  path: Assets/Lava Lair
  artifactKey: Guid(d0abc3863af66004b92aeae36639fa74) Importer(815301076,1909f56bfc062723c751e8b465ee728b)
Start importing Assets/Lava Lair using Guid(d0abc3863af66004b92aeae36639fa74) Importer(815301076,1909f56bfc062723c751e8b465ee728b)  -> (artifact id: '63778c33688295fa90da45ccc6f8ab4d') in 0.012876 seconds
  Import took 0.020957 seconds .

========================================================================
Received Import Request.
  Time since last request: 2.557168 seconds.
  path: Assets/Cloudy Sky
  artifactKey: Guid(3b186b310571b7c4183592a624b3677d) Importer(815301076,1909f56bfc062723c751e8b465ee728b)
Start importing Assets/Cloudy Sky using Guid(3b186b310571b7c4183592a624b3677d) Importer(815301076,1909f56bfc062723c751e8b465ee728b)  -> (artifact id: 'd31a31528ee811de71027607bb2ebb8a') in 0.008386 seconds
  Import took 0.016721 seconds .

========================================================================
Received Import Request.
  Time since last request: 3.429741 seconds.
  path: Assets/Scenes/controls.unity
  artifactKey: Guid(7a8a7fab66bd770438f7627f932a49ce) Importer(815301076,1909f56bfc062723c751e8b465ee728b)
Start importing Assets/Scenes/controls.unity using Guid(7a8a7fab66bd770438f7627f932a49ce) Importer(815301076,1909f56bfc062723c751e8b465ee728b)  -> (artifact id: '5650ed85de120cd5d5a76cd4ac2e43de') in 0.020469 seconds
  Import took 0.028349 seconds .

========================================================================
Received Import Request.
  Time since last request: 5.543762 seconds.
  path: Assets/Scenes/Level1Adventure.unity
  artifactKey: Guid(9e4a3d82237a4164d9aa6d9d44bbf9eb) Importer(815301076,1909f56bfc062723c751e8b465ee728b)
Start importing Assets/Scenes/Level1Adventure.unity using Guid(9e4a3d82237a4164d9aa6d9d44bbf9eb) Importer(815301076,1909f56bfc062723c751e8b465ee728b)  -> (artifact id: '86b643533e13b379382c6834a4a97bf3') in 0.007757 seconds
  Import took 0.018845 seconds .

========================================================================
Received Import Request.
  Time since last request: 11.393304 seconds.
  path: Assets/Music/airport_attack.ogg
  artifactKey: Guid(5b7e4d93b8715b2489e9afd17614a357) Importer(815301076,1909f56bfc062723c751e8b465ee728b)
Start importing Assets/Music/airport_attack.ogg using Guid(5b7e4d93b8715b2489e9afd17614a357) Importer(815301076,1909f56bfc062723c751e8b465ee728b)  -> (artifact id: '2b1b99ac2c5b1d697b1d78dbf0db66eb') in 0.158685 seconds
  Import took 0.165906 seconds .

========================================================================
Received Import Request.
  Time since last request: 0.000392 seconds.
  path: Assets/Music/Wasteland Overdrive Looped (No Choir).wav
  artifactKey: Guid(97ae0624c74cd2445808ead71b723865) Importer(815301076,1909f56bfc062723c751e8b465ee728b)
Start importing Assets/Music/Wasteland Overdrive Looped (No Choir).wav using Guid(97ae0624c74cd2445808ead71b723865) Importer(815301076,1909f56bfc062723c751e8b465ee728b)  -> (artifact id: '2d149d91f3b894ba506ad741f32a3496') in 0.039045 seconds
  Import took 0.047974 seconds .

========================================================================
Received Import Request.
  Time since last request: 0.000485 seconds.
  path: Assets/Music/through space.ogg
  artifactKey: Guid(8a0c92303e30e6647b678b59444ee6e0) Importer(815301076,1909f56bfc062723c751e8b465ee728b)
Start importing Assets/Music/through space.ogg using Guid(8a0c92303e30e6647b678b59444ee6e0) Importer(815301076,1909f56bfc062723c751e8b465ee728b)  -> (artifact id: 'a72b1a8f0a92f10d209d784fff3802bb') in 0.021453 seconds
  Import took 0.029821 seconds .

========================================================================
Received Import Request.
  Time since last request: 0.001276 seconds.
  path: Assets/Music/medieval.ogg
  artifactKey: Guid(c932bf198e24c2944812f28e0ca7b4be) Importer(815301076,1909f56bfc062723c751e8b465ee728b)
Start importing Assets/Music/medieval.ogg using Guid(c932bf198e24c2944812f28e0ca7b4be) Importer(815301076,1909f56bfc062723c751e8b465ee728b)  -> (artifact id: '6f99630f21c5a00b14b8ec51e232c9e6') in 0.019574 seconds
  Import took 0.028234 seconds .

========================================================================
Received Import Request.
  Time since last request: 0.000389 seconds.
  path: Assets/Music/DST-TowerDefenseTheme.mp3
  artifactKey: Guid(3c8f44bf5887ad04ea501d3f9d31ee04) Importer(815301076,1909f56bfc062723c751e8b465ee728b)
Start importing Assets/Music/DST-TowerDefenseTheme.mp3 using Guid(3c8f44bf5887ad04ea501d3f9d31ee04) Importer(815301076,1909f56bfc062723c751e8b465ee728b)  -> (artifact id: '82bd063bcff7cb95044b142f8b567eb3') in 0.026808 seconds
  Import took 0.033564 seconds .

========================================================================
Received Import Request.
  Time since last request: 0.000291 seconds.
  path: Assets/Music/Heroic Demise (New).mp3
  artifactKey: Guid(922674918963b414c957a80c8382ac87) Importer(815301076,1909f56bfc062723c751e8b465ee728b)
Start importing Assets/Music/Heroic Demise (New).mp3 using Guid(922674918963b414c957a80c8382ac87) Importer(815301076,1909f56bfc062723c751e8b465ee728b)  -> (artifact id: '52bd69c5fea633b0b6b612e0e22ecb11') in 0.017921 seconds
  Import took 0.026531 seconds .

========================================================================
Received Import Request.
  Time since last request: 0.000320 seconds.
  path: Assets/Music/determined_pursuit_loop.wav
  artifactKey: Guid(fdd41fa720224fe44a5c935f7d7cc57f) Importer(815301076,1909f56bfc062723c751e8b465ee728b)
Start importing Assets/Music/determined_pursuit_loop.wav using Guid(fdd41fa720224fe44a5c935f7d7cc57f) Importer(815301076,1909f56bfc062723c751e8b465ee728b)  -> (artifact id: 'f67219d3c2141d884edcedd14b4a8981') in 0.017749 seconds
  Import took 0.024649 seconds .

========================================================================
Received Import Request.
  Time since last request: 0.000331 seconds.
  path: Assets/Music/little town - orchestral.ogg
  artifactKey: Guid(4953d8182359df44ba6df150a7cf53f5) Importer(815301076,1909f56bfc062723c751e8b465ee728b)
Start importing Assets/Music/little town - orchestral.ogg using Guid(4953d8182359df44ba6df150a7cf53f5) Importer(815301076,1909f56bfc062723c751e8b465ee728b)  -> (artifact id: 'eafde29e45e0f6ff505e2dd2128bcb85') in 0.017524 seconds
  Import took 0.024590 seconds .

========================================================================
Received Import Request.
  Time since last request: 0.000394 seconds.
  path: Assets/Music/Battle in the winter.mp3
  artifactKey: Guid(6c1d09b26cb378c429aded083ab728fe) Importer(815301076,1909f56bfc062723c751e8b465ee728b)
Start importing Assets/Music/Battle in the winter.mp3 using Guid(6c1d09b26cb378c429aded083ab728fe) Importer(815301076,1909f56bfc062723c751e8b465ee728b)  -> (artifact id: 'c0986e77c5f27c6286b18f1e89c003c3') in 0.023331 seconds
  Import took 0.031434 seconds .

========================================================================
Received Import Request.
  Time since last request: 0.000357 seconds.
  path: Assets/Music/magetheme.mp3
  artifactKey: Guid(c1590f6da29bbdb41b038d8ff1609cb5) Importer(815301076,1909f56bfc062723c751e8b465ee728b)
Start importing Assets/Music/magetheme.mp3 using Guid(c1590f6da29bbdb41b038d8ff1609cb5) Importer(815301076,1909f56bfc062723c751e8b465ee728b)  -> (artifact id: '8e983a9a59770f43373906a45d2eeee7') in 0.019289 seconds
  Import took 0.025726 seconds .

========================================================================
Received Import Request.
  Time since last request: 0.000441 seconds.
  path: Assets/Music/n-Dimensions (Main Theme - Retro Ver.mp3
  artifactKey: Guid(ea6285da182f8334d9f3387a8761ecb2) Importer(815301076,1909f56bfc062723c751e8b465ee728b)
Start importing Assets/Music/n-Dimensions (Main Theme - Retro Ver.mp3 using Guid(ea6285da182f8334d9f3387a8761ecb2) Importer(815301076,1909f56bfc062723c751e8b465ee728b)  -> (artifact id: 'e99b0c939cdb70941102a8a8bbad5201') in 0.021250 seconds
  Import took 0.029702 seconds .

========================================================================
Received Import Request.
  Time since last request: 8.486966 seconds.
  path: Assets/Prefabs/menus/GameOver Canvas.prefab
  artifactKey: Guid(36126cea00ad62e4fb848fa774e3a4ff) Importer(815301076,1909f56bfc062723c751e8b465ee728b)
Start importing Assets/Prefabs/menus/GameOver Canvas.prefab using Guid(36126cea00ad62e4fb848fa774e3a4ff) Importer(815301076,1909f56bfc062723c751e8b465ee728b)  -> (artifact id: '856414ee9c15222329cac2876fa9fca4') in 0.062799 seconds
  Import took 0.071356 seconds .

========================================================================
Received Import Request.
  Time since last request: 0.000423 seconds.
  path: Assets/Prefabs/menus/Pause Canvas.prefab
  artifactKey: Guid(ebec8a28792258f43a9c5a0d98061794) Importer(815301076,1909f56bfc062723c751e8b465ee728b)
Start importing Assets/Prefabs/menus/Pause Canvas.prefab using Guid(ebec8a28792258f43a9c5a0d98061794) Importer(815301076,1909f56bfc062723c751e8b465ee728b)  -> (artifact id: '2d45dca2efebac4dfb8d17baaa4e2489') in 0.045328 seconds
  Import took 0.053415 seconds .

========================================================================
Received Import Request.
  Time since last request: 0.000407 seconds.
  path: Assets/Prefabs/menus/Victory Canvas.prefab
  artifactKey: Guid(461b40c5e0128e144b3850498ff330ff) Importer(815301076,1909f56bfc062723c751e8b465ee728b)
Start importing Assets/Prefabs/menus/Victory Canvas.prefab using Guid(461b40c5e0128e144b3850498ff330ff) Importer(815301076,1909f56bfc062723c751e8b465ee728b)  -> (artifact id: 'e7d4f2624dee9be202a0966d8ec93d06') in 0.013355 seconds
  Import took 0.021337 seconds .

========================================================================
Received Import Request.
  Time since last request: 24.299127 seconds.
  path: Assets/Prefabs/menus
  artifactKey: Guid(93f0c8a9e4b068b4d861dda760998f25) Importer(815301076,1909f56bfc062723c751e8b465ee728b)
Start importing Assets/Prefabs/menus using Guid(93f0c8a9e4b068b4d861dda760998f25) Importer(815301076,1909f56bfc062723c751e8b465ee728b)  -> (artifact id: '91dace8071f02a8410c06972518d3ad2') in 0.007660 seconds
  Import took 0.014097 seconds .

========================================================================
Received Import Request.
  Time since last request: 8.354036 seconds.
  path: Assets/Scenes/crawler_test.unity
  artifactKey: Guid(5a60cd53e5a0df24cb4af2650c059b7d) Importer(815301076,1909f56bfc062723c751e8b465ee728b)
Start importing Assets/Scenes/crawler_test.unity using Guid(5a60cd53e5a0df24cb4af2650c059b7d) Importer(815301076,1909f56bfc062723c751e8b465ee728b)  -> (artifact id: '77067cf1276ae02ca2ba3f3d91da1de7') in 0.008032 seconds
  Import took 0.016177 seconds .

========================================================================
Received Import Request.
  Time since last request: 1.998191 seconds.
  path: Assets/Scenes/Level5Adventure.unity
  artifactKey: Guid(e92a381f783f51c43b2de0105af51884) Importer(815301076,1909f56bfc062723c751e8b465ee728b)
Start importing Assets/Scenes/Level5Adventure.unity using Guid(e92a381f783f51c43b2de0105af51884) Importer(815301076,1909f56bfc062723c751e8b465ee728b)  -> (artifact id: '60bf1497cf00476322e2328ba0e4436b') in 0.009752 seconds
  Import took 0.016290 seconds .

========================================================================
Received Import Request.
  Time since last request: 0.983755 seconds.
  path: Assets/Scenes/TitleScreen.unity
  artifactKey: Guid(642e94cbfaf831149b0f16e9c65b9fcd) Importer(815301076,1909f56bfc062723c751e8b465ee728b)
Start importing Assets/Scenes/TitleScreen.unity using Guid(642e94cbfaf831149b0f16e9c65b9fcd) Importer(815301076,1909f56bfc062723c751e8b465ee728b)  -> (artifact id: '8fe0a0d07b655d651550c5bd69226898') in 0.009743 seconds
  Import took 0.017482 seconds .

AssetImportWorkerClient::OnTransportError - code=2 error=End of file
